kotlin version: 2.1.0
error message: java.lang.OutOfMemoryError: GC overhead limit exceeded
	at java.base/java.lang.AbstractStringBuilder.<init>(Unknown Source)
	at java.base/java.lang.StringBuilder.<init>(Unknown Source)
	at java.base/java.io.WinNTFileSystem.normalize(Unknown Source)
	at java.base/java.io.WinNTFileSystem.normalize(Unknown Source)
	at java.base/java.io.IoOverNioFileSystem.normalize(Unknown Source)
	at java.base/java.io.File.<init>(Unknown Source)
	at org.jetbrains.kotlin.backend.wasm.utils.SourceMapGenerator.generate(SourceMapGenerator.kt:71)
	at org.jetbrains.kotlin.backend.wasm.WasmCompilerKt.compileWasm-quGr1d0(wasmCompiler.kt:231)
	at org.jetbrains.kotlin.cli.js.K2JSCompiler.doExecute(K2JSCompiler.kt:490)
	at org.jetbrains.kotlin.cli.js.K2JSCompiler.doExecute(K2JSCompiler.kt:105)
	at org.jetbrains.kotlin.cli.common.CLICompiler.execImpl(CLICompiler.kt:102)
	at org.jetbrains.kotlin.cli.common.CLICompiler.exec(CLICompiler.kt:316)
	at org.jetbrains.kotlin.daemon.CompileServiceImpl.compile(CompileServiceImpl.kt:1554)
	at java.base/java.lang.invoke.LambdaForm$DMH/0x00000001001ac400.invokeInterface(LambdaForm$DMH)
	at java.base/java.lang.invoke.LambdaForm$MH/0x00000001001af800.invoke(LambdaForm$MH)
	at java.base/java.lang.invoke.Invokers$Holder.invokeExact_MT(Invokers$Holder)
	at java.base/jdk.internal.reflect.DirectMethodHandleAccessor.invokeImpl(Unknown Source)
	at java.base/jdk.internal.reflect.DirectMethodHandleAccessor.invoke(Unknown Source)
	at java.base/java.lang.reflect.Method.invoke(Unknown Source)
	at java.rmi/sun.rmi.server.UnicastServerRef.dispatch(Unknown Source)
	at java.rmi/sun.rmi.transport.Transport$1.run(Unknown Source)
	at java.rmi/sun.rmi.transport.Transport$1.run(Unknown Source)
	at java.base/java.security.AccessController.executePrivileged(Unknown Source)
	at java.base/java.security.AccessController.doPrivileged(Unknown Source)
	at java.rmi/sun.rmi.transport.Transport.serviceCall(Unknown Source)
	at java.rmi/sun.rmi.transport.tcp.TCPTransport.handleMessages(Unknown Source)
	at java.rmi/sun.rmi.transport.tcp.TCPTransport$ConnectionHandler.run0(Unknown Source)
	at java.rmi/sun.rmi.transport.tcp.TCPTransport$ConnectionHandler.lambda$run$0(Unknown Source)
	at java.rmi/sun.rmi.transport.tcp.TCPTransport$ConnectionHandler$$Lambda/0x000000010016df58.run(Unknown Source)
	at java.base/java.security.AccessController.executePrivileged(Unknown Source)
	at java.base/java.security.AccessController.doPrivileged(Unknown Source)
	at java.rmi/sun.rmi.transport.tcp.TCPTransport$ConnectionHandler.run(Unknown Source)


